<?xml version="1.0" encoding="UTF-8"?>
<!-- Generated by org.testng.reporters.JUnitReportReporter -->
<testsuite hostname="NOB25-42000N" failures="0" tests="1" name="com.mycompany.projetosigaa.SigaaTest" time="4.751" errors="0" timestamp="2025-10-27T11:02:06 BRT" skipped="0">
  <testcase classname="com.mycompany.projetosigaa.SigaaTest" name="testExtrairNotaPOO" time="4.751"/>
</testsuite> <!-- com.mycompany.projetosigaa.SigaaTest -->
